<?xml version="1.0" encoding="UTF-8"?>
<!-- Generated by org.testng.reporters.JUnitXMLReporter -->
<testsuite ignored="0" hostname="LAPTOP-6RQ1AS2M" failures="2" tests="2" name="Test" time="2.504" errors="0" timestamp="2022-12-07T09:54:56 IST">
  <testcase classname="TEST.TVS_TEST" name="Browsersetup" time="1.569">
    <failure type="org.openqa.selenium.SessionNotCreatedException" message="session not created: This version of ChromeDriver only supports Chrome version 106
Current browser version is 108.0.5359.95 with binary path C:\Program Files (x86)\Google\Chrome\Application\chrome.exe
Build info: version: &amp;apos;3.141.59&amp;apos;, revision: &amp;apos;e82be7d358&amp;apos;, time: &amp;apos;2018-11-14T08:17:03&amp;apos;
System info: host: &amp;apos;LAPTOP-6RQ1AS2M&amp;apos;, ip: &amp;apos;10.10.61.5&amp;apos;, os.name: &amp;apos;Windows 11&amp;apos;, os.arch: &amp;apos;amd64&amp;apos;, os.version: &amp;apos;10.0&amp;apos;, java.version: &amp;apos;17.0.4.1&amp;apos;
Driver info: driver.version: ChromeDriver
remote stacktrace: Backtrace:
	Ordinal0 [0x00461353+2233171]
	Ordinal0 [0x003F8E31+1805873]
	Ordinal0 [0x003066FD+812797]
	Ordinal0 [0x00328C6D+953453]
	Ordinal0 [0x00324200+934400]
	Ordinal0 [0x003219C9+924105]
	Ordinal0 [0x0035806C+1146988]
	Ordinal0 [0x00357A6A+1145450]
	Ordinal0 [0x003518A6+1120422]
	Ordinal0 [0x0032A73D+960317]
	Ordinal0 [0x0032B71F+964383]
	GetHandleVerifier [0x0070A2C2+2728322]
	GetHandleVerifier [0x006FC184+2670660]
	GetHandleVerifier [0x004F102A+528106]
	GetHandleVerifier [0x004EFE10+523472]
	Ordinal0 [0x0040028C+1835660]
	Ordinal0 [0x00404758+1853272]
	Ordinal0 [0x00404845+1853509]
	Ordinal0 [0x0040E7E4+1894372]
	BaseThreadInitThunk [0x76E36939+25]
	RtlGetFullPathName_UEx [0x773C8FD2+1218]
	RtlGetFullPathName_UEx [0x773C8F9D+1165]
">
      <![CDATA[org.openqa.selenium.SessionNotCreatedException: session not created: This version of ChromeDriver only supports Chrome version 106
Current browser version is 108.0.5359.95 with binary path C:\Program Files (x86)\Google\Chrome\Application\chrome.exe
Build info: version: '3.141.59', revision: 'e82be7d358', time: '2018-11-14T08:17:03'
System info: host: 'LAPTOP-6RQ1AS2M', ip: '10.10.61.5', os.name: 'Windows 11', os.arch: 'amd64', os.version: '10.0', java.version: '17.0.4.1'
Driver info: driver.version: ChromeDriver
remote stacktrace: Backtrace:
Ordinal0 [0x00461353+2233171]
Ordinal0 [0x003F8E31+1805873]
Ordinal0 [0x003066FD+812797]
Ordinal0 [0x00328C6D+953453]
Ordinal0 [0x00324200+934400]
Ordinal0 [0x003219C9+924105]
Ordinal0 [0x0035806C+1146988]
Ordinal0 [0x00357A6A+1145450]
Ordinal0 [0x003518A6+1120422]
Ordinal0 [0x0032A73D+960317]
Ordinal0 [0x0032B71F+964383]
GetHandleVerifier [0x0070A2C2+2728322]
GetHandleVerifier [0x006FC184+2670660]
GetHandleVerifier [0x004F102A+528106]
GetHandleVerifier [0x004EFE10+523472]
Ordinal0 [0x0040028C+1835660]
Ordinal0 [0x00404758+1853272]
Ordinal0 [0x00404845+1853509]
Ordinal0 [0x0040E7E4+1894372]
BaseThreadInitThunk [0x76E36939+25]
RtlGetFullPathName_UEx [0x773C8FD2+1218]
RtlGetFullPathName_UEx [0x773C8F9D+1165]

at org.openqa.selenium.remote.W3CHandshakeResponse.lambda$new$0(W3CHandshakeResponse.java:57)
at org.openqa.selenium.remote.W3CHandshakeResponse.lambda$getResponseFunction$2(W3CHandshakeResponse.java:104)
at org.openqa.selenium.remote.ProtocolHandshake.lambda$createSession$0(ProtocolHandshake.java:123)
at java.base/java.util.stream.ReferencePipeline$3$1.accept(ReferencePipeline.java:197)
at java.base/java.util.Spliterators$ArraySpliterator.tryAdvance(Spliterators.java:1002)
at java.base/java.util.stream.ReferencePipeline.forEachWithCancel(ReferencePipeline.java:129)
at java.base/java.util.stream.AbstractPipeline.copyIntoWithCancel(AbstractPipeline.java:527)
at java.base/java.util.stream.AbstractPipeline.copyInto(AbstractPipeline.java:513)
at java.base/java.util.stream.AbstractPipeline.wrapAndCopyInto(AbstractPipeline.java:499)
at java.base/java.util.stream.FindOps$FindOp.evaluateSequential(FindOps.java:150)
at java.base/java.util.stream.AbstractPipeline.evaluate(AbstractPipeline.java:234)
at java.base/java.util.stream.ReferencePipeline.findFirst(ReferencePipeline.java:647)
at org.openqa.selenium.remote.ProtocolHandshake.createSession(ProtocolHandshake.java:126)
at org.openqa.selenium.remote.ProtocolHandshake.createSession(ProtocolHandshake.java:73)
at org.openqa.selenium.remote.HttpCommandExecutor.execute(HttpCommandExecutor.java:142)
at org.openqa.selenium.remote.service.DriverCommandExecutor.execute(DriverCommandExecutor.java:83)
at org.openqa.selenium.remote.RemoteWebDriver.execute(RemoteWebDriver.java:600)
at org.openqa.selenium.remote.RemoteWebDriver.startSession(RemoteWebDriver.java:219)
at org.openqa.selenium.remote.RemoteWebDriver.<init>(RemoteWebDriver.java:142)
at org.openqa.selenium.chrome.ChromeDriver.<init>(ChromeDriver.java:181)
at org.openqa.selenium.chrome.ChromeDriver.<init>(ChromeDriver.java:168)
at org.openqa.selenium.chrome.ChromeDriver.<init>(ChromeDriver.java:123)
at TEST.TVS_TEST.Browsersetup(TVS_TEST.java:14)
at java.base/java.util.ArrayList.forEach(ArrayList.java:1511)
... Removed 32 stack frames]]>
    </failure>
  </testcase> <!-- Browsersetup -->
  <testcase classname="TEST.KTM_Test" name="Browsersetup" time="0.874">
    <failure type="org.openqa.selenium.SessionNotCreatedException" message="session not created: This version of ChromeDriver only supports Chrome version 106
Current browser version is 108.0.5359.95 with binary path C:\Program Files (x86)\Google\Chrome\Application\chrome.exe
Build info: version: &amp;apos;3.141.59&amp;apos;, revision: &amp;apos;e82be7d358&amp;apos;, time: &amp;apos;2018-11-14T08:17:03&amp;apos;
System info: host: &amp;apos;LAPTOP-6RQ1AS2M&amp;apos;, ip: &amp;apos;10.10.61.5&amp;apos;, os.name: &amp;apos;Windows 11&amp;apos;, os.arch: &amp;apos;amd64&amp;apos;, os.version: &amp;apos;10.0&amp;apos;, java.version: &amp;apos;17.0.4.1&amp;apos;
Driver info: driver.version: ChromeDriver
remote stacktrace: Backtrace:
	Ordinal0 [0x00461353+2233171]
	Ordinal0 [0x003F8E31+1805873]
	Ordinal0 [0x003066FD+812797]
	Ordinal0 [0x00328C6D+953453]
	Ordinal0 [0x00324200+934400]
	Ordinal0 [0x003219C9+924105]
	Ordinal0 [0x0035806C+1146988]
	Ordinal0 [0x00357A6A+1145450]
	Ordinal0 [0x003518A6+1120422]
	Ordinal0 [0x0032A73D+960317]
	Ordinal0 [0x0032B71F+964383]
	GetHandleVerifier [0x0070A2C2+2728322]
	GetHandleVerifier [0x006FC184+2670660]
	GetHandleVerifier [0x004F102A+528106]
	GetHandleVerifier [0x004EFE10+523472]
	Ordinal0 [0x0040028C+1835660]
	Ordinal0 [0x00404758+1853272]
	Ordinal0 [0x00404845+1853509]
	Ordinal0 [0x0040E7E4+1894372]
	BaseThreadInitThunk [0x76E36939+25]
	RtlGetFullPathName_UEx [0x773C8FD2+1218]
	RtlGetFullPathName_UEx [0x773C8F9D+1165]
">
      <![CDATA[org.openqa.selenium.SessionNotCreatedException: session not created: This version of ChromeDriver only supports Chrome version 106
Current browser version is 108.0.5359.95 with binary path C:\Program Files (x86)\Google\Chrome\Application\chrome.exe
Build info: version: '3.141.59', revision: 'e82be7d358', time: '2018-11-14T08:17:03'
System info: host: 'LAPTOP-6RQ1AS2M', ip: '10.10.61.5', os.name: 'Windows 11', os.arch: 'amd64', os.version: '10.0', java.version: '17.0.4.1'
Driver info: driver.version: ChromeDriver
remote stacktrace: Backtrace:
Ordinal0 [0x00461353+2233171]
Ordinal0 [0x003F8E31+1805873]
Ordinal0 [0x003066FD+812797]
Ordinal0 [0x00328C6D+953453]
Ordinal0 [0x00324200+934400]
Ordinal0 [0x003219C9+924105]
Ordinal0 [0x0035806C+1146988]
Ordinal0 [0x00357A6A+1145450]
Ordinal0 [0x003518A6+1120422]
Ordinal0 [0x0032A73D+960317]
Ordinal0 [0x0032B71F+964383]
GetHandleVerifier [0x0070A2C2+2728322]
GetHandleVerifier [0x006FC184+2670660]
GetHandleVerifier [0x004F102A+528106]
GetHandleVerifier [0x004EFE10+523472]
Ordinal0 [0x0040028C+1835660]
Ordinal0 [0x00404758+1853272]
Ordinal0 [0x00404845+1853509]
Ordinal0 [0x0040E7E4+1894372]
BaseThreadInitThunk [0x76E36939+25]
RtlGetFullPathName_UEx [0x773C8FD2+1218]
RtlGetFullPathName_UEx [0x773C8F9D+1165]

at org.openqa.selenium.remote.W3CHandshakeResponse.lambda$new$0(W3CHandshakeResponse.java:57)
at org.openqa.selenium.remote.W3CHandshakeResponse.lambda$getResponseFunction$2(W3CHandshakeResponse.java:104)
at org.openqa.selenium.remote.ProtocolHandshake.lambda$createSession$0(ProtocolHandshake.java:123)
at java.base/java.util.stream.ReferencePipeline$3$1.accept(ReferencePipeline.java:197)
at java.base/java.util.Spliterators$ArraySpliterator.tryAdvance(Spliterators.java:1002)
at java.base/java.util.stream.ReferencePipeline.forEachWithCancel(ReferencePipeline.java:129)
at java.base/java.util.stream.AbstractPipeline.copyIntoWithCancel(AbstractPipeline.java:527)
at java.base/java.util.stream.AbstractPipeline.copyInto(AbstractPipeline.java:513)
at java.base/java.util.stream.AbstractPipeline.wrapAndCopyInto(AbstractPipeline.java:499)
at java.base/java.util.stream.FindOps$FindOp.evaluateSequential(FindOps.java:150)
at java.base/java.util.stream.AbstractPipeline.evaluate(AbstractPipeline.java:234)
at java.base/java.util.stream.ReferencePipeline.findFirst(ReferencePipeline.java:647)
at org.openqa.selenium.remote.ProtocolHandshake.createSession(ProtocolHandshake.java:126)
at org.openqa.selenium.remote.ProtocolHandshake.createSession(ProtocolHandshake.java:73)
at org.openqa.selenium.remote.HttpCommandExecutor.execute(HttpCommandExecutor.java:142)
at org.openqa.selenium.remote.service.DriverCommandExecutor.execute(DriverCommandExecutor.java:83)
at org.openqa.selenium.remote.RemoteWebDriver.execute(RemoteWebDriver.java:600)
at org.openqa.selenium.remote.RemoteWebDriver.startSession(RemoteWebDriver.java:219)
at org.openqa.selenium.remote.RemoteWebDriver.<init>(RemoteWebDriver.java:142)
at org.openqa.selenium.chrome.ChromeDriver.<init>(ChromeDriver.java:181)
at org.openqa.selenium.chrome.ChromeDriver.<init>(ChromeDriver.java:168)
at org.openqa.selenium.chrome.ChromeDriver.<init>(ChromeDriver.java:123)
at TEST.KTM_Test.Browsersetup(KTM_Test.java:16)
at java.base/java.util.ArrayList.forEach(ArrayList.java:1511)
... Removed 32 stack frames]]>
    </failure>
  </testcase> <!-- Browsersetup -->
</testsuite> <!-- Test -->
